[31-Jan-2025 22:42:16 Europe/Berlin] PHP Warning:  require_once(include/config.php): failed to open stream: No such file or directory in /home/thibaultgicquel6201/public_html/php/get2fa.php on line 3
[31-Jan-2025 22:42:16 Europe/Berlin] PHP Fatal error:  require_once(): Failed opening required 'include/config.php' (include_path='.:/usr/share/php') in /home/thibaultgicquel6201/public_html/php/get2fa.php on line 3
[31-Jan-2025 22:43:05 Europe/Paris] PHP Warning:  PDOStatement::execute(): SQLSTATE[HY093]: Invalid parameter number: number of bound variables does not match number of tokens in /home/thibaultgicquel6201/public_html/php/get2fa.php on line 14
[31-Jan-2025 22:45:14 Europe/Paris] PHP Warning:  PDOStatement::execute(): SQLSTATE[HY093]: Invalid parameter number: number of bound variables does not match number of tokens in /home/thibaultgicquel6201/public_html/php/get2fa.php on line 14
[31-Jan-2025 22:45:28 Europe/Paris] PHP Warning:  PDOStatement::execute(): SQLSTATE[HY093]: Invalid parameter number: number of bound variables does not match number of tokens in /home/thibaultgicquel6201/public_html/php/get2fa.php on line 14
[31-Jan-2025 22:45:41 Europe/Paris] PHP Warning:  PDOStatement::execute(): SQLSTATE[HY093]: Invalid parameter number: number of bound variables does not match number of tokens in /home/thibaultgicquel6201/public_html/php/get2fa.php on line 14
[31-Jan-2025 22:48:53 Europe/Paris] PHP Warning:  PDOStatement::execute(): SQLSTATE[HY093]: Invalid parameter number: number of bound variables does not match number of tokens in /home/thibaultgicquel6201/public_html/php/get2fa.php on line 14
[31-Jan-2025 23:33:38 Europe/Paris] PHP Notice:  Undefined variable: userId in /home/thibaultgicquel6201/public_html/include/settings.php on line 26
[31-Jan-2025 23:33:38 Europe/Paris] PHP Notice:  Undefined variable: userId in /home/thibaultgicquel6201/public_html/include/settings.php on line 29
[31-Jan-2025 23:33:38 Europe/Paris] PHP Fatal error:  Uncaught Twig\Error\SyntaxError: Unexpected token "name" of value "fa_active" ("end of statement block" expected). in /home/thibaultgicquel6201/public_html/templates/settings.twig:5
Stack trace:
#0 /home/vendor/twig/twig/src/TokenParser/IfTokenParser.php(40): Twig\TokenStream->expect()
#1 /home/vendor/twig/twig/src/Parser.php(171): Twig\TokenParser\IfTokenParser->parse()
#2 /home/vendor/twig/twig/src/Parser.php(84): Twig\Parser->subparse()
#3 /home/vendor/twig/twig/src/Environment.php(488): Twig\Parser->parse()
#4 /home/vendor/twig/twig/src/Environment.php(516): Twig\Environment->parse()
#5 /home/vendor/twig/twig/src/Environment.php(348): Twig\Environment->compileSource()
#6 /home/vendor/twig/twig/src/Template.php(322): Twig\Environment->loadTemplate()
#7 /home/vendor/twig/twig/src/Environment.php(358) : eval()'d code(121): Twig\Template->loadTemplate()
#8 /home/vendor/twig/twig/src/Template.php(171): __TwigTemplate_cd2291c79c7fd288b14b23df338f8176822b95cd0ed2186828ed3d2897dc1d4c->block_content()
#9 /home/ven in /home/thibaultgicquel6201/public_html/templates/settings.twig on line 5
[31-Jan-2025 23:34:27 Europe/Paris] PHP Notice:  Undefined variable: userId in /home/thibaultgicquel6201/public_html/include/settings.php on line 26
[31-Jan-2025 23:34:27 Europe/Paris] PHP Notice:  Undefined variable: userId in /home/thibaultgicquel6201/public_html/include/settings.php on line 29
[31-Jan-2025 23:34:27 Europe/Paris] PHP Fatal error:  Uncaught Twig\Error\SyntaxError: Unexpected token "name" of value "fa_active" ("end of statement block" expected). in /home/thibaultgicquel6201/public_html/templates/settings.twig:7
Stack trace:
#0 /home/vendor/twig/twig/src/TokenParser/IfTokenParser.php(40): Twig\TokenStream->expect()
#1 /home/vendor/twig/twig/src/Parser.php(171): Twig\TokenParser\IfTokenParser->parse()
#2 /home/vendor/twig/twig/src/Parser.php(84): Twig\Parser->subparse()
#3 /home/vendor/twig/twig/src/Environment.php(488): Twig\Parser->parse()
#4 /home/vendor/twig/twig/src/Environment.php(516): Twig\Environment->parse()
#5 /home/vendor/twig/twig/src/Environment.php(348): Twig\Environment->compileSource()
#6 /home/vendor/twig/twig/src/Template.php(322): Twig\Environment->loadTemplate()
#7 /home/vendor/twig/twig/src/Environment.php(358) : eval()'d code(121): Twig\Template->loadTemplate()
#8 /home/vendor/twig/twig/src/Template.php(171): __TwigTemplate_cd2291c79c7fd288b14b23df338f8176822b95cd0ed2186828ed3d2897dc1d4c->block_content()
#9 /home/ven in /home/thibaultgicquel6201/public_html/templates/settings.twig on line 7
[31-Jan-2025 23:34:46 Europe/Paris] PHP Notice:  Undefined variable: userId in /home/thibaultgicquel6201/public_html/include/settings.php on line 26
[31-Jan-2025 23:34:46 Europe/Paris] PHP Notice:  Undefined variable: userId in /home/thibaultgicquel6201/public_html/include/settings.php on line 29
[31-Jan-2025 23:34:46 Europe/Paris] PHP Fatal error:  Uncaught Twig\Error\SyntaxError: Unexpected token "name" of value "fa_active" ("end of statement block" expected). in /home/thibaultgicquel6201/public_html/templates/settings.twig:30
Stack trace:
#0 /home/vendor/twig/twig/src/TokenParser/IfTokenParser.php(40): Twig\TokenStream->expect()
#1 /home/vendor/twig/twig/src/Parser.php(171): Twig\TokenParser\IfTokenParser->parse()
#2 /home/vendor/twig/twig/src/Parser.php(84): Twig\Parser->subparse()
#3 /home/vendor/twig/twig/src/Environment.php(488): Twig\Parser->parse()
#4 /home/vendor/twig/twig/src/Environment.php(516): Twig\Environment->parse()
#5 /home/vendor/twig/twig/src/Environment.php(348): Twig\Environment->compileSource()
#6 /home/vendor/twig/twig/src/Template.php(322): Twig\Environment->loadTemplate()
#7 /home/vendor/twig/twig/src/Environment.php(358) : eval()'d code(121): Twig\Template->loadTemplate()
#8 /home/vendor/twig/twig/src/Template.php(171): __TwigTemplate_cd2291c79c7fd288b14b23df338f8176822b95cd0ed2186828ed3d2897dc1d4c->block_content()
#9 /home/ve in /home/thibaultgicquel6201/public_html/templates/settings.twig on line 30
[31-Jan-2025 23:35:12 Europe/Paris] PHP Notice:  Undefined variable: userId in /home/thibaultgicquel6201/public_html/include/settings.php on line 26
[31-Jan-2025 23:35:12 Europe/Paris] PHP Notice:  Undefined variable: userId in /home/thibaultgicquel6201/public_html/include/settings.php on line 29
[31-Jan-2025 23:35:35 Europe/Paris] PHP Notice:  Undefined variable: userId in /home/thibaultgicquel6201/public_html/include/settings.php on line 26
[31-Jan-2025 23:35:35 Europe/Paris] PHP Notice:  Undefined variable: userId in /home/thibaultgicquel6201/public_html/include/settings.php on line 29
[31-Jan-2025 23:35:46 Europe/Paris] PHP Notice:  Undefined variable: userId in /home/thibaultgicquel6201/public_html/include/settings.php on line 26
[31-Jan-2025 23:35:46 Europe/Paris] PHP Notice:  Undefined variable: userId in /home/thibaultgicquel6201/public_html/include/settings.php on line 29
